Starting infrastructure deployment...
[0m[1mInitializing the backend...[0m
[0m[1mInitializing modules...[0m
[0m[1mInitializing provider plugins...[0m
- Reusing previous version of hashicorp/aws from the dependency lock file
- Using previously-installed hashicorp/aws v5.94.0

[0m[1m[32mTerraform has been successfully initialized![0m[32m[0m
[0m[32m
You may now begin working with Terraform. Try running "terraform plan" to see
any changes that are required for your infrastructure. All Terraform commands
should now work.

If you ever set or change modules or backend configuration for Terraform,
rerun this command to reinitialize your working directory. If you forget, other
commands will detect it and remind you to do so if necessary.[0m
[31m╷[0m[0m
[31m│[0m [0m[1m[31mError: [0m[0m[1mUnsupported attribute[0m
[31m│[0m [0m
[31m│[0m [0m[0m  on main.tf line 37, in module "lambda":
[31m│[0m [0m  37:   lambda_role_arn   = module.iam[4m.lambda_exec_role_arn[0m[0m
[31m│[0m [0m    [90m├────────────────[0m
[31m│[0m [0m[0m    [90m│[0m [1mmodule.iam[0m is a object
[31m│[0m [0m[0m
[31m│[0m [0mThis object does not have an attribute named "lambda_exec_role_arn".
[31m╵[0m[0m
[31m╷[0m[0m
[31m│[0m [0m[1m[31mError: [0m[0m[1mReference to undeclared module[0m
[31m│[0m [0m
[31m│[0m [0m[0m  on outputs.tf line 6, in output "bucket_name":
[31m│[0m [0m   6:   value = [4mmodule.s3_bucket.bucket_name[0m[0m
[31m│[0m [0m
[31m│[0m [0mNo module call named "s3_bucket" is declared in the root module.
[31m╵[0m[0m
