Starting infrastructure deployment...
[0m[1mInitializing the backend...[0m
[0m[1mInitializing modules...[0m
- ecr in modules\ecr
- s3_bucket in modules\s3
[0m[1mInitializing provider plugins...[0m
- Reusing previous version of hashicorp/aws from the dependency lock file
- Using previously-installed hashicorp/aws v5.94.0

[0m[1m[32mTerraform has been successfully initialized![0m[32m[0m
[0m[32m
You may now begin working with Terraform. Try running "terraform plan" to see
any changes that are required for your infrastructure. All Terraform commands
should now work.

If you ever set or change modules or backend configuration for Terraform,
rerun this command to reinitialize your working directory. If you forget, other
commands will detect it and remind you to do so if necessary.[0m
[31m╷[0m[0m
[31m│[0m [0m[1m[31mError: [0m[0m[1mReference to undeclared input variable[0m
[31m│[0m [0m
[31m│[0m [0m[0m  on modules\s3\main.tf line 2, in resource "aws_s3_bucket" "this":
[31m│[0m [0m   2:   bucket = "${[4mvar.bucket_prefix[0m}-${var.environment}"[0m
[31m│[0m [0m
[31m│[0m [0mAn input variable with the name "bucket_prefix" has not been declared. This
[31m│[0m [0mvariable can be declared with a variable "bucket_prefix" {} block.
[31m╵[0m[0m
[31m╷[0m[0m
[31m│[0m [0m[1m[31mError: [0m[0m[1mReference to undeclared input variable[0m
[31m│[0m [0m
[31m│[0m [0m[0m  on modules\s3\main.tf line 2, in resource "aws_s3_bucket" "this":
[31m│[0m [0m   2:   bucket = "${var.bucket_prefix}-${[4mvar.environment[0m}"[0m
[31m│[0m [0m
[31m│[0m [0mAn input variable with the name "environment" has not been declared. This
[31m│[0m [0mvariable can be declared with a variable "environment" {} block.
[31m╵[0m[0m
[31m╷[0m[0m
[31m│[0m [0m[1m[31mError: [0m[0m[1mReference to undeclared input variable[0m
[31m│[0m [0m
[31m│[0m [0m[0m  on modules\s3\main.tf line 7, in resource "aws_s3_bucket" "this":
[31m│[0m [0m   7:     Name        = "${[4mvar.bucket_prefix[0m}-${var.environment}"[0m
[31m│[0m [0m
[31m│[0m [0mAn input variable with the name "bucket_prefix" has not been declared. This
[31m│[0m [0mvariable can be declared with a variable "bucket_prefix" {} block.
[31m╵[0m[0m
[31m╷[0m[0m
[31m│[0m [0m[1m[31mError: [0m[0m[1mReference to undeclared input variable[0m
[31m│[0m [0m
[31m│[0m [0m[0m  on modules\s3\main.tf line 7, in resource "aws_s3_bucket" "this":
[31m│[0m [0m   7:     Name        = "${var.bucket_prefix}-${[4mvar.environment[0m}"[0m
[31m│[0m [0m
[31m│[0m [0mAn input variable with the name "environment" has not been declared. This
[31m│[0m [0mvariable can be declared with a variable "environment" {} block.
[31m╵[0m[0m
[31m╷[0m[0m
[31m│[0m [0m[1m[31mError: [0m[0m[1mReference to undeclared input variable[0m
[31m│[0m [0m
[31m│[0m [0m[0m  on modules\s3\main.tf line 8, in resource "aws_s3_bucket" "this":
[31m│[0m [0m   8:     Environment = [4mvar.environment[0m[0m
[31m│[0m [0m
[31m│[0m [0mAn input variable with the name "environment" has not been declared. This
[31m│[0m [0mvariable can be declared with a variable "environment" {} block.
[31m╵[0m[0m
[31m╷[0m[0m
[31m│[0m [0m[1m[31mError: [0m[0m[1mReference to undeclared input variable[0m
[31m│[0m [0m
[31m│[0m [0m[0m  on modules\s3\main.tf line 9, in resource "aws_s3_bucket" "this":
[31m│[0m [0m   9:     Owner       = [4mvar.owner[0m[0m
[31m│[0m [0m
[31m│[0m [0mAn input variable with the name "owner" has not been declared. This
[31m│[0m [0mvariable can be declared with a variable "owner" {} block.
[31m╵[0m[0m
[31m╷[0m[0m
[31m│[0m [0m[1m[31mError: [0m[0m[1mReference to undeclared input variable[0m
[31m│[0m [0m
[31m│[0m [0m[0m  on modules\s3\main.tf line 10, in resource "aws_s3_bucket" "this":
[31m│[0m [0m  10:     Project     = [4mvar.project[0m[0m
[31m│[0m [0m
[31m│[0m [0mAn input variable with the name "project" has not been declared. This
[31m│[0m [0mvariable can be declared with a variable "project" {} block.
[31m╵[0m[0m
