Starting infrastructure deployment...
[0m[1mInitializing the backend...[0m
[0m[1mInitializing modules...[0m
[0m[1mInitializing provider plugins...[0m
- Reusing previous version of hashicorp/aws from the dependency lock file
- Using previously-installed hashicorp/aws v5.94.0

[0m[1m[32mTerraform has been successfully initialized![0m[32m[0m
[0m[32m
You may now begin working with Terraform. Try running "terraform plan" to see
any changes that are required for your infrastructure. All Terraform commands
should now work.

If you ever set or change modules or backend configuration for Terraform,
rerun this command to reinitialize your working directory. If you forget, other
commands will detect it and remind you to do so if necessary.[0m
[31m╷[0m[0m
[31m│[0m [0m[1m[31mError: [0m[0m[1mMissing required argument[0m
[31m│[0m [0m
[31m│[0m [0m[0m  on main.tf line 33, in module "lambda":
[31m│[0m [0m  33: module "lambda" [4m{[0m[0m
[31m│[0m [0m
[31m│[0m [0mThe argument "handler" is required, but no definition was found.
[31m╵[0m[0m
[31m╷[0m[0m
[31m│[0m [0m[1m[31mError: [0m[0m[1mMissing required argument[0m
[31m│[0m [0m
[31m│[0m [0m[0m  on main.tf line 33, in module "lambda":
[31m│[0m [0m  33: module "lambda" [4m{[0m[0m
[31m│[0m [0m
[31m│[0m [0mThe argument "runtime" is required, but no definition was found.
[31m╵[0m[0m
